<?xml version="1.0" encoding="UTF-8"?>
<!-- Generated by org.testng.reporters.JUnitReportReporter -->
<testsuite skipped="0" hostname="LAPTOP-LK2THQQR" name="com.qa.orangePagesTest.LoninPageTest" tests="4" failures="0" timestamp="03 Oct 2018 23:16:13 GMT" time="0.515" errors="0">
  <testcase name="testLogin1" time="0.014" classname="com.qa.orangePagesTest.LoninPageTest"/>
  <testcase name="testLogin2" time="0.053" classname="com.qa.orangePagesTest.LoninPageTest"/>
  <testcase name="TestLogin3" time="0.417" classname="com.qa.orangePagesTest.LoninPageTest"/>
  <testcase name="TestLogin4" time="0.031" classname="com.qa.orangePagesTest.LoninPageTest"/>
</testsuite> <!-- com.qa.orangePagesTest.LoninPageTest -->
