<?xml version="1.0" encoding="UTF-8"?>
<!-- Generated by org.testng.reporters.JUnitReportReporter -->
<testsuite skipped="0" hostname="LAPTOP-LK2THQQR" name="com.qa.orangeBaseTest.OrangeBaseTest" tests="1" failures="0" timestamp="03 Oct 2018 20:51:44 GMT" time="4.776" errors="0">
  <testcase name="testBase1" time="4.776" classname="com.qa.orangeBaseTest.OrangeBaseTest"/>
</testsuite> <!-- com.qa.orangeBaseTest.OrangeBaseTest -->
